2023-03-02 16:48:55,123 INFO org.springframework.boot.StartupInfoLogger [restartedMain] Starting Application using Java 18.0.2.1 on WIN-VQG10684J14 with PID 2236 (C:\skillbox\DiplomSkillbox\target\classes started by Blackburn in C:\skillbox\DiplomSkillbox)
2023-03-02 16:48:55,125 INFO org.springframework.boot.SpringApplication [restartedMain] No active profile set, falling back to default profiles: default
2023-03-02 16:48:55,216 INFO org.springframework.boot.logging.DeferredLog [restartedMain] Devtools property defaults active! Set 'spring.devtools.add-properties' to 'false' to disable
2023-03-02 16:48:55,217 INFO org.springframework.boot.logging.DeferredLog [restartedMain] For additional web related logging consider setting the 'logging.level.web' property to 'DEBUG'
2023-03-02 16:48:56,218 INFO org.springframework.data.repository.config.RepositoryConfigurationDelegate [restartedMain] Bootstrapping Spring Data JPA repositories in DEFAULT mode.
2023-03-02 16:48:56,313 INFO org.springframework.data.repository.config.RepositoryConfigurationDelegate [restartedMain] Finished Spring Data repository scanning in 78 ms. Found 5 JPA repository interfaces.
2023-03-02 16:48:57,115 INFO org.springframework.boot.web.embedded.tomcat.TomcatWebServer [restartedMain] Tomcat initialized with port(s): 8080 (http)
2023-03-02 16:48:57,127 INFO org.apache.juli.logging.DirectJDKLog [restartedMain] Initializing ProtocolHandler ["http-nio-8080"]
2023-03-02 16:48:57,128 INFO org.apache.juli.logging.DirectJDKLog [restartedMain] Starting service [Tomcat]
2023-03-02 16:48:57,128 INFO org.apache.juli.logging.DirectJDKLog [restartedMain] Starting Servlet engine: [Apache Tomcat/9.0.54]
2023-03-02 16:48:57,231 INFO org.apache.juli.logging.DirectJDKLog [restartedMain] Initializing Spring embedded WebApplicationContext
2023-03-02 16:48:57,232 INFO org.springframework.boot.web.servlet.context.ServletWebServerApplicationContext [restartedMain] Root WebApplicationContext: initialization completed in 2015 ms
2023-03-02 16:48:57,468 INFO org.hibernate.jpa.internal.util.LogHelper [restartedMain] HHH000204: Processing PersistenceUnitInfo [name: default]
2023-03-02 16:48:57,526 INFO org.hibernate.Version [restartedMain] HHH000412: Hibernate ORM core version 5.4.32.Final
2023-03-02 16:48:57,680 INFO org.hibernate.annotations.common.reflection.java.JavaReflectionManager [restartedMain] HCANN000001: Hibernate Commons Annotations {5.1.2.Final}
2023-03-02 16:48:57,801 INFO com.zaxxer.hikari.HikariDataSource [restartedMain] HikariPool-1 - Starting...
2023-03-02 16:48:58,188 INFO com.zaxxer.hikari.HikariDataSource [restartedMain] HikariPool-1 - Start completed.
2023-03-02 16:48:58,221 INFO org.hibernate.dialect.Dialect [restartedMain] HHH000400: Using dialect: org.hibernate.dialect.MySQL8Dialect
2023-03-02 16:48:59,118 INFO org.hibernate.engine.transaction.jta.platform.internal.JtaPlatformInitiator [restartedMain] HHH000490: Using JtaPlatform implementation: [org.hibernate.engine.transaction.jta.platform.internal.NoJtaPlatform]
2023-03-02 16:48:59,127 INFO org.springframework.orm.jpa.AbstractEntityManagerFactoryBean [restartedMain] Initialized JPA EntityManagerFactory for persistence unit 'default'
2023-03-02 16:48:59,762 WARN org.springframework.boot.autoconfigure.orm.jpa.JpaBaseConfiguration$JpaWebConfiguration [restartedMain] spring.jpa.open-in-view is enabled by default. Therefore, database queries may be performed during view rendering. Explicitly configure spring.jpa.open-in-view to disable this warning
2023-03-02 16:49:00,099 INFO org.springframework.security.web.DefaultSecurityFilterChain [restartedMain] Will secure any request with [org.springframework.security.web.context.request.async.WebAsyncManagerIntegrationFilter@1492311c, org.springframework.security.web.context.SecurityContextPersistenceFilter@30be8c4b, org.springframework.security.web.header.HeaderWriterFilter@7ac1c7c2, org.springframework.security.web.authentication.logout.LogoutFilter@43e60351, org.springframework.security.web.authentication.www.BasicAuthenticationFilter@6077735c, org.springframework.security.web.savedrequest.RequestCacheAwareFilter@6c66458, org.springframework.security.web.servletapi.SecurityContextHolderAwareRequestFilter@dfdac1f, org.springframework.security.web.authentication.AnonymousAuthenticationFilter@eae1cdc, org.springframework.security.web.session.SessionManagementFilter@6ec564b2, org.springframework.security.web.access.ExceptionTranslationFilter@412be557, org.springframework.security.web.access.intercept.FilterSecurityInterceptor@30814a3f]
2023-03-02 16:49:00,340 INFO org.springframework.boot.autoconfigure.web.servlet.WelcomePageHandlerMapping [restartedMain] Adding welcome page template: index
2023-03-02 16:49:00,562 INFO org.springframework.boot.devtools.autoconfigure.OptionalLiveReloadServer [restartedMain] LiveReload server is running on port 35729
2023-03-02 16:49:00,578 INFO org.apache.juli.logging.DirectJDKLog [restartedMain] Starting ProtocolHandler ["http-nio-8080"]
2023-03-02 16:49:00,601 INFO org.springframework.boot.web.embedded.tomcat.TomcatWebServer [restartedMain] Tomcat started on port(s): 8080 (http) with context path ''
2023-03-02 16:49:00,614 INFO org.springframework.boot.StartupInfoLogger [restartedMain] Started Application in 6.137 seconds (JVM running for 6.902)
2023-03-02 16:49:08,009 INFO org.apache.juli.logging.DirectJDKLog [http-nio-8080-exec-1] Initializing Spring DispatcherServlet 'dispatcherServlet'
2023-03-02 16:49:08,009 INFO org.springframework.web.servlet.FrameworkServlet [http-nio-8080-exec-1] Initializing Servlet 'dispatcherServlet'
2023-03-02 16:49:08,010 INFO org.springframework.web.servlet.FrameworkServlet [http-nio-8080-exec-1] Completed initialization in 1 ms
2023-03-02 16:49:10,234 INFO searchengine.settings.Statistic [http-nio-8080-exec-7] Получение статистики.
2023-03-02 16:49:11,910 INFO searchengine.service.impl.IndexingServiceImpl [http-nio-8080-exec-5] Попытка запуска индексации всех сайтов
2023-03-02 16:49:11,912 INFO searchengine.service.impl.IndexingServiceImpl [http-nio-8080-exec-5] Индексация всех сайтов запущена
2023-03-02 16:49:17,759 WARN searchengine.parsing.ParseUrl [ForkJoinPool-3-worker-6] Ошибка парсинга сайта: https://www.svetlovka.ru/projects/kids/
2023-03-02 16:49:26,365 WARN searchengine.parsing.ParseUrl [ForkJoinPool-2-worker-2] Ошибка парсинга сайта: https://dombulgakova.ru/?method=ical&id=10037
2023-03-02 16:49:26,368 WARN searchengine.parsing.ParseUrl [ForkJoinPool-2-worker-4] Ошибка парсинга сайта: https://dombulgakova.ru/?method=ical&id=6054
2023-03-02 16:49:27,083 WARN searchengine.parsing.ParseUrl [ForkJoinPool-2-worker-7] Ошибка парсинга сайта: https://dombulgakova.ru/?method=ical&id=9942
2023-03-02 16:49:27,193 WARN searchengine.parsing.ParseUrl [ForkJoinPool-2-worker-4] Ошибка парсинга сайта: https://dombulgakova.ru/wp-content/uploads/2023/02/video5451791942331410864.mp4
2023-03-02 16:49:27,209 WARN searchengine.parsing.ParseUrl [ForkJoinPool-2-worker-2] Ошибка парсинга сайта: https://dombulgakova.ru/wp-content/uploads/2023/02/video5451791942331410863.mp4
2023-03-02 16:49:27,352 WARN searchengine.parsing.ParseUrl [ForkJoinPool-2-worker-8] Ошибка парсинга сайта: https://dombulgakova.ru/?method=ical&id=9477
2023-03-02 16:49:27,512 WARN searchengine.parsing.ParseUrl [ForkJoinPool-2-worker-3] Ошибка парсинга сайта: https://dombulgakova.ru/?method=ical&id=8119
2023-03-02 16:49:27,581 WARN searchengine.parsing.ParseUrl [ForkJoinPool-2-worker-7] Ошибка парсинга сайта: https://dombulgakova.ru/wp-content/uploads/2023/02/img_4127.mp4
2023-03-02 16:49:27,764 WARN searchengine.parsing.ParseUrl [ForkJoinPool-2-worker-2] Ошибка парсинга сайта: https://dombulgakova.ru/wp-content/uploads/2023/02/img_4489.mp4
2023-03-02 16:49:28,272 WARN searchengine.parsing.ParseUrl [ForkJoinPool-2-worker-8] Ошибка парсинга сайта: https://dombulgakova.ru/?method=ical&id=10159
2023-03-02 16:49:28,376 WARN searchengine.parsing.ParseUrl [ForkJoinPool-2-worker-6] Ошибка парсинга сайта: https://dombulgakova.ru/?method=ical&id=10134
2023-03-02 16:49:28,479 WARN searchengine.parsing.ParseUrl [ForkJoinPool-2-worker-7] Ошибка парсинга сайта: https://dombulgakova.ru/?method=ical&id=9356
2023-03-02 16:49:28,690 WARN searchengine.parsing.ParseUrl [ForkJoinPool-2-worker-2] Ошибка парсинга сайта: https://dombulgakova.ru/?method=ical&id=9432
2023-03-02 16:49:28,754 WARN searchengine.parsing.ParseUrl [ForkJoinPool-2-worker-4] Ошибка парсинга сайта: https://dombulgakova.ru/wp-content/uploads/2023/02/img_4255.mp4
2023-03-02 16:49:29,130 WARN searchengine.parsing.ParseUrl [ForkJoinPool-2-worker-8] Ошибка парсинга сайта: https://dombulgakova.ru/?method=ical&id=10014
2023-03-02 16:49:29,193 WARN searchengine.parsing.ParseUrl [ForkJoinPool-2-worker-3] Ошибка парсинга сайта: https://dombulgakova.ru/?method=ical&id=10102
2023-03-02 16:49:29,195 WARN searchengine.parsing.ParseUrl [ForkJoinPool-2-worker-5] Ошибка парсинга сайта: https://dombulgakova.ru/?method=ical&id=10138
2023-03-02 16:56:12,552 INFO searchengine.settings.Statistic [http-nio-8080-exec-2] Получение статистики.
2023-03-02 16:56:23,522 INFO searchengine.settings.Statistic [http-nio-8080-exec-3] Получение статистики.
2023-03-02 16:56:24,445 INFO searchengine.settings.Statistic [http-nio-8080-exec-3] Получение статистики.
2023-03-02 16:56:25,429 INFO searchengine.settings.Statistic [http-nio-8080-exec-2] Получение статистики.
2023-03-02 16:56:26,703 INFO searchengine.settings.Statistic [http-nio-8080-exec-6] Получение статистики.
2023-03-02 16:56:27,841 INFO searchengine.settings.Statistic [http-nio-8080-exec-1] Получение статистики.
2023-03-02 16:58:30,426 INFO searchengine.settings.Statistic [http-nio-8080-exec-5] Получение статистики.
2023-03-02 17:21:56,936 INFO searchengine.settings.Statistic [http-nio-8080-exec-5] Получение статистики.
2023-03-02 17:22:13,965 INFO searchengine.service.impl.SearchServiceImpl [http-nio-8080-exec-10] Запрос на поиск строки- "страница"
2023-03-02 17:22:15,464 INFO searchengine.service.impl.SearchServiceImpl [http-nio-8080-exec-10] Запрос на поиск строки обработан, результат получен.
2023-03-02 17:28:36,138 INFO searchengine.settings.Statistic [http-nio-8080-exec-7] Получение статистики.
2023-03-02 17:49:04,529 INFO searchengine.settings.Statistic [http-nio-8080-exec-9] Получение статистики.
2023-03-02 17:49:19,134 INFO org.springframework.orm.jpa.AbstractEntityManagerFactoryBean [SpringApplicationShutdownHook] Closing JPA EntityManagerFactory for persistence unit 'default'
2023-03-02 17:49:19,142 INFO com.zaxxer.hikari.HikariDataSource [SpringApplicationShutdownHook] HikariPool-1 - Shutdown initiated...
2023-03-02 17:49:19,164 INFO com.zaxxer.hikari.HikariDataSource [SpringApplicationShutdownHook] HikariPool-1 - Shutdown completed.
2023-03-02 19:13:55,946 INFO org.springframework.boot.StartupInfoLogger [restartedMain] Starting Application using Java 18.0.2.1 on WIN-VQG10684J14 with PID 4788 (C:\skillbox\Search-Engine\target\classes started by Blackburn in C:\skillbox\Search-Engine)
2023-03-02 19:13:55,948 INFO org.springframework.boot.SpringApplication [restartedMain] No active profile set, falling back to default profiles: default
2023-03-02 19:13:56,035 INFO org.springframework.boot.logging.DeferredLog [restartedMain] Devtools property defaults active! Set 'spring.devtools.add-properties' to 'false' to disable
2023-03-02 19:13:56,036 INFO org.springframework.boot.logging.DeferredLog [restartedMain] For additional web related logging consider setting the 'logging.level.web' property to 'DEBUG'
2023-03-02 19:13:57,233 INFO org.springframework.data.repository.config.RepositoryConfigurationDelegate [restartedMain] Bootstrapping Spring Data JPA repositories in DEFAULT mode.
2023-03-02 19:13:57,345 INFO org.springframework.data.repository.config.RepositoryConfigurationDelegate [restartedMain] Finished Spring Data repository scanning in 93 ms. Found 5 JPA repository interfaces.
2023-03-02 19:13:58,266 INFO org.springframework.boot.web.embedded.tomcat.TomcatWebServer [restartedMain] Tomcat initialized with port(s): 8080 (http)
2023-03-02 19:13:58,280 INFO org.apache.juli.logging.DirectJDKLog [restartedMain] Initializing ProtocolHandler ["http-nio-8080"]
2023-03-02 19:13:58,281 INFO org.apache.juli.logging.DirectJDKLog [restartedMain] Starting service [Tomcat]
2023-03-02 19:13:58,281 INFO org.apache.juli.logging.DirectJDKLog [restartedMain] Starting Servlet engine: [Apache Tomcat/9.0.54]
2023-03-02 19:13:58,389 INFO org.apache.juli.logging.DirectJDKLog [restartedMain] Initializing Spring embedded WebApplicationContext
2023-03-02 19:13:58,390 INFO org.springframework.boot.web.servlet.context.ServletWebServerApplicationContext [restartedMain] Root WebApplicationContext: initialization completed in 2353 ms
2023-03-02 19:13:58,663 INFO org.hibernate.jpa.internal.util.LogHelper [restartedMain] HHH000204: Processing PersistenceUnitInfo [name: default]
2023-03-02 19:13:58,732 INFO org.hibernate.Version [restartedMain] HHH000412: Hibernate ORM core version 5.4.32.Final
2023-03-02 19:13:58,906 INFO org.hibernate.annotations.common.reflection.java.JavaReflectionManager [restartedMain] HCANN000001: Hibernate Commons Annotations {5.1.2.Final}
2023-03-02 19:13:59,042 INFO com.zaxxer.hikari.HikariDataSource [restartedMain] HikariPool-1 - Starting...
2023-03-02 19:13:59,485 INFO com.zaxxer.hikari.HikariDataSource [restartedMain] HikariPool-1 - Start completed.
2023-03-02 19:13:59,521 INFO org.hibernate.dialect.Dialect [restartedMain] HHH000400: Using dialect: org.hibernate.dialect.MySQL8Dialect
2023-03-02 19:14:00,441 INFO org.hibernate.engine.transaction.jta.platform.internal.JtaPlatformInitiator [restartedMain] HHH000490: Using JtaPlatform implementation: [org.hibernate.engine.transaction.jta.platform.internal.NoJtaPlatform]
2023-03-02 19:14:00,454 INFO org.springframework.orm.jpa.AbstractEntityManagerFactoryBean [restartedMain] Initialized JPA EntityManagerFactory for persistence unit 'default'
2023-03-02 19:14:01,186 WARN org.springframework.boot.autoconfigure.orm.jpa.JpaBaseConfiguration$JpaWebConfiguration [restartedMain] spring.jpa.open-in-view is enabled by default. Therefore, database queries may be performed during view rendering. Explicitly configure spring.jpa.open-in-view to disable this warning
2023-03-02 19:14:01,581 INFO org.springframework.security.web.DefaultSecurityFilterChain [restartedMain] Will secure any request with [org.springframework.security.web.context.request.async.WebAsyncManagerIntegrationFilter@eae1cdc, org.springframework.security.web.context.SecurityContextPersistenceFilter@43637872, org.springframework.security.web.header.HeaderWriterFilter@5b9666f2, org.springframework.security.web.authentication.logout.LogoutFilter@102f2076, org.springframework.security.web.authentication.www.BasicAuthenticationFilter@7cacd15b, org.springframework.security.web.savedrequest.RequestCacheAwareFilter@1f61129e, org.springframework.security.web.servletapi.SecurityContextHolderAwareRequestFilter@3c275d89, org.springframework.security.web.authentication.AnonymousAuthenticationFilter@5d58d65e, org.springframework.security.web.session.SessionManagementFilter@7efcf856, org.springframework.security.web.access.ExceptionTranslationFilter@5ba49f66, org.springframework.security.web.access.intercept.FilterSecurityInterceptor@75ea616e]
2023-03-02 19:14:01,853 INFO org.springframework.boot.autoconfigure.web.servlet.WelcomePageHandlerMapping [restartedMain] Adding welcome page template: index
2023-03-02 19:14:02,141 INFO org.springframework.boot.devtools.autoconfigure.OptionalLiveReloadServer [restartedMain] LiveReload server is running on port 35729
2023-03-02 19:14:02,160 INFO org.apache.juli.logging.DirectJDKLog [restartedMain] Starting ProtocolHandler ["http-nio-8080"]
2023-03-02 19:14:02,184 INFO org.springframework.boot.web.embedded.tomcat.TomcatWebServer [restartedMain] Tomcat started on port(s): 8080 (http) with context path ''
2023-03-02 19:14:02,199 INFO org.springframework.boot.StartupInfoLogger [restartedMain] Started Application in 7.017 seconds (JVM running for 7.889)
2023-03-02 19:14:06,529 INFO org.apache.juli.logging.DirectJDKLog [http-nio-8080-exec-1] Initializing Spring DispatcherServlet 'dispatcherServlet'
2023-03-02 19:14:06,530 INFO org.springframework.web.servlet.FrameworkServlet [http-nio-8080-exec-1] Initializing Servlet 'dispatcherServlet'
2023-03-02 19:14:06,531 INFO org.springframework.web.servlet.FrameworkServlet [http-nio-8080-exec-1] Completed initialization in 1 ms
2023-03-02 19:14:09,784 INFO searchengine.settings.Statistic [http-nio-8080-exec-8] Получение статистики.
2023-03-02 19:14:11,857 INFO searchengine.settings.Statistic [http-nio-8080-exec-9] Получение статистики.
2023-03-02 19:14:17,303 INFO searchengine.settings.Statistic [http-nio-8080-exec-6] Получение статистики.
2023-03-02 19:14:22,859 INFO org.springframework.orm.jpa.AbstractEntityManagerFactoryBean [SpringApplicationShutdownHook] Closing JPA EntityManagerFactory for persistence unit 'default'
2023-03-02 19:14:22,863 INFO com.zaxxer.hikari.HikariDataSource [SpringApplicationShutdownHook] HikariPool-1 - Shutdown initiated...
2023-03-02 19:14:22,876 INFO com.zaxxer.hikari.HikariDataSource [SpringApplicationShutdownHook] HikariPool-1 - Shutdown completed.
2023-03-02 19:15:00,875 INFO org.springframework.boot.StartupInfoLogger [restartedMain] Starting Application using Java 18.0.2.1 on WIN-VQG10684J14 with PID 10588 (C:\skillbox\Search-Engine\target\classes started by Blackburn in C:\skillbox\Search-Engine)
2023-03-02 19:15:00,877 INFO org.springframework.boot.SpringApplication [restartedMain] No active profile set, falling back to default profiles: default
2023-03-02 19:15:00,958 INFO org.springframework.boot.logging.DeferredLog [restartedMain] Devtools property defaults active! Set 'spring.devtools.add-properties' to 'false' to disable
2023-03-02 19:15:00,958 INFO org.springframework.boot.logging.DeferredLog [restartedMain] For additional web related logging consider setting the 'logging.level.web' property to 'DEBUG'
2023-03-02 19:15:01,851 INFO org.springframework.data.repository.config.RepositoryConfigurationDelegate [restartedMain] Bootstrapping Spring Data JPA repositories in DEFAULT mode.
2023-03-02 19:15:01,956 INFO org.springframework.data.repository.config.RepositoryConfigurationDelegate [restartedMain] Finished Spring Data repository scanning in 87 ms. Found 5 JPA repository interfaces.
2023-03-02 19:15:02,970 INFO org.springframework.boot.web.embedded.tomcat.TomcatWebServer [restartedMain] Tomcat initialized with port(s): 8080 (http)
2023-03-02 19:15:02,983 INFO org.apache.juli.logging.DirectJDKLog [restartedMain] Initializing ProtocolHandler ["http-nio-8080"]
2023-03-02 19:15:02,984 INFO org.apache.juli.logging.DirectJDKLog [restartedMain] Starting service [Tomcat]
2023-03-02 19:15:02,984 INFO org.apache.juli.logging.DirectJDKLog [restartedMain] Starting Servlet engine: [Apache Tomcat/9.0.54]
2023-03-02 19:15:03,091 INFO org.apache.juli.logging.DirectJDKLog [restartedMain] Initializing Spring embedded WebApplicationContext
2023-03-02 19:15:03,091 INFO org.springframework.boot.web.servlet.context.ServletWebServerApplicationContext [restartedMain] Root WebApplicationContext: initialization completed in 2132 ms
2023-03-02 19:15:03,423 INFO org.hibernate.jpa.internal.util.LogHelper [restartedMain] HHH000204: Processing PersistenceUnitInfo [name: default]
2023-03-02 19:15:03,497 INFO org.hibernate.Version [restartedMain] HHH000412: Hibernate ORM core version 5.4.32.Final
2023-03-02 19:15:03,681 INFO org.hibernate.annotations.common.reflection.java.JavaReflectionManager [restartedMain] HCANN000001: Hibernate Commons Annotations {5.1.2.Final}
2023-03-02 19:15:03,829 INFO com.zaxxer.hikari.HikariDataSource [restartedMain] HikariPool-1 - Starting...
2023-03-02 19:15:04,236 INFO com.zaxxer.hikari.HikariDataSource [restartedMain] HikariPool-1 - Start completed.
2023-03-02 19:15:04,273 INFO org.hibernate.dialect.Dialect [restartedMain] HHH000400: Using dialect: org.hibernate.dialect.MySQL8Dialect
2023-03-02 19:15:05,297 INFO org.hibernate.engine.transaction.jta.platform.internal.JtaPlatformInitiator [restartedMain] HHH000490: Using JtaPlatform implementation: [org.hibernate.engine.transaction.jta.platform.internal.NoJtaPlatform]
2023-03-02 19:15:05,307 INFO org.springframework.orm.jpa.AbstractEntityManagerFactoryBean [restartedMain] Initialized JPA EntityManagerFactory for persistence unit 'default'
2023-03-02 19:15:06,008 WARN org.springframework.boot.autoconfigure.orm.jpa.JpaBaseConfiguration$JpaWebConfiguration [restartedMain] spring.jpa.open-in-view is enabled by default. Therefore, database queries may be performed during view rendering. Explicitly configure spring.jpa.open-in-view to disable this warning
2023-03-02 19:15:06,360 INFO org.springframework.security.web.DefaultSecurityFilterChain [restartedMain] Will secure any request with [org.springframework.security.web.context.request.async.WebAsyncManagerIntegrationFilter@c48a934, org.springframework.security.web.context.SecurityContextPersistenceFilter@5b144093, org.springframework.security.web.header.HeaderWriterFilter@4b2ee526, org.springframework.security.web.authentication.logout.LogoutFilter@6077735c, org.springframework.security.web.authentication.www.BasicAuthenticationFilter@59faa67f, org.springframework.security.web.savedrequest.RequestCacheAwareFilter@62e605b9, org.springframework.security.web.servletapi.SecurityContextHolderAwareRequestFilter@c57b02d, org.springframework.security.web.authentication.AnonymousAuthenticationFilter@74edd0e3, org.springframework.security.web.session.SessionManagementFilter@794ff8d2, org.springframework.security.web.access.ExceptionTranslationFilter@584cf6b5, org.springframework.security.web.access.intercept.FilterSecurityInterceptor@21fe7b1c]
2023-03-02 19:15:06,655 INFO org.springframework.boot.autoconfigure.web.servlet.WelcomePageHandlerMapping [restartedMain] Adding welcome page template: index
2023-03-02 19:15:06,925 INFO org.springframework.boot.devtools.autoconfigure.OptionalLiveReloadServer [restartedMain] LiveReload server is running on port 35729
2023-03-02 19:15:06,944 INFO org.apache.juli.logging.DirectJDKLog [restartedMain] Starting ProtocolHandler ["http-nio-8080"]
2023-03-02 19:15:06,972 INFO org.springframework.boot.web.embedded.tomcat.TomcatWebServer [restartedMain] Tomcat started on port(s): 8080 (http) with context path ''
2023-03-02 19:15:06,989 INFO org.springframework.boot.StartupInfoLogger [restartedMain] Started Application in 6.832 seconds (JVM running for 7.584)
2023-03-02 19:15:11,765 INFO org.apache.juli.logging.DirectJDKLog [http-nio-8080-exec-1] Initializing Spring DispatcherServlet 'dispatcherServlet'
2023-03-02 19:15:11,765 INFO org.springframework.web.servlet.FrameworkServlet [http-nio-8080-exec-1] Initializing Servlet 'dispatcherServlet'
2023-03-02 19:15:11,767 INFO org.springframework.web.servlet.FrameworkServlet [http-nio-8080-exec-1] Completed initialization in 2 ms
2023-03-02 19:15:12,490 INFO searchengine.settings.Statistic [http-nio-8080-exec-6] Получение статистики.
2023-03-02 19:15:15,056 INFO searchengine.service.impl.IndexingServiceImpl [http-nio-8080-exec-5] Попытка запуска индексации всех сайтов
2023-03-02 19:15:15,057 INFO searchengine.service.impl.IndexingServiceImpl [http-nio-8080-exec-5] Индексация всех сайтов запущена
2023-03-02 19:15:21,527 WARN searchengine.parsing.ParseUrl [ForkJoinPool-2-worker-6] Ошибка парсинга сайта: https://www.svetlovka.ru/projects/kids/
2023-03-02 19:15:23,324 INFO searchengine.settings.Statistic [http-nio-8080-exec-2] Получение статистики.
2023-03-02 19:15:25,941 INFO searchengine.settings.Statistic [http-nio-8080-exec-6] Получение статистики.
2023-03-02 19:15:29,404 WARN searchengine.parsing.ParseUrl [ForkJoinPool-1-worker-5] Ошибка парсинга сайта: https://dombulgakova.ru/?method=ical&id=10037
2023-03-02 19:15:30,296 WARN searchengine.parsing.ParseUrl [ForkJoinPool-1-worker-3] Ошибка парсинга сайта: https://dombulgakova.ru/?method=ical&id=9477
2023-03-02 19:15:30,336 WARN searchengine.parsing.ParseUrl [ForkJoinPool-1-worker-5] Ошибка парсинга сайта: https://dombulgakova.ru/?method=ical&id=8119
2023-03-02 19:15:30,501 WARN searchengine.parsing.ParseUrl [ForkJoinPool-1-worker-6] Ошибка парсинга сайта: https://dombulgakova.ru/?method=ical&id=6054
2023-03-02 19:15:30,629 WARN searchengine.parsing.ParseUrl [ForkJoinPool-1-worker-4] Ошибка парсинга сайта: https://dombulgakova.ru/wp-content/uploads/2023/02/video5451791942331410863.mp4
2023-03-02 19:15:30,672 WARN searchengine.parsing.ParseUrl [ForkJoinPool-1-worker-7] Ошибка парсинга сайта: https://dombulgakova.ru/wp-content/uploads/2023/02/video5451791942331410864.mp4
2023-03-02 19:15:32,036 WARN searchengine.parsing.ParseUrl [ForkJoinPool-1-worker-5] Ошибка парсинга сайта: https://dombulgakova.ru/wp-content/uploads/2023/02/img_4255.mp4
2023-03-02 19:15:32,042 WARN searchengine.parsing.ParseUrl [ForkJoinPool-1-worker-6] Ошибка парсинга сайта: https://dombulgakova.ru/wp-content/uploads/2023/02/img_4489.mp4
2023-03-02 19:15:32,044 WARN searchengine.parsing.ParseUrl [ForkJoinPool-1-worker-3] Ошибка парсинга сайта: https://dombulgakova.ru/wp-content/uploads/2023/02/img_4127.mp4
2023-03-02 19:15:32,355 WARN searchengine.parsing.ParseUrl [ForkJoinPool-1-worker-7] Ошибка парсинга сайта: https://dombulgakova.ru/?method=ical&id=10134
2023-03-02 19:15:32,447 WARN searchengine.parsing.ParseUrl [ForkJoinPool-1-worker-8] Ошибка парсинга сайта: https://dombulgakova.ru/?method=ical&id=9942
2023-03-02 19:15:32,460 WARN searchengine.parsing.ParseUrl [ForkJoinPool-1-worker-2] Ошибка парсинга сайта: https://dombulgakova.ru/?method=ical&id=10138
2023-03-02 19:15:32,533 WARN searchengine.parsing.ParseUrl [ForkJoinPool-1-worker-4] Ошибка парсинга сайта: https://dombulgakova.ru/?method=ical&id=10159
2023-03-02 19:15:33,402 WARN searchengine.parsing.ParseUrl [ForkJoinPool-1-worker-5] Ошибка парсинга сайта: https://dombulgakova.ru/?method=ical&id=10102
2023-03-02 19:15:33,405 WARN searchengine.parsing.ParseUrl [ForkJoinPool-1-worker-6] Ошибка парсинга сайта: https://dombulgakova.ru/?method=ical&id=9356
2023-03-02 19:15:33,460 WARN searchengine.parsing.ParseUrl [ForkJoinPool-1-worker-7] Ошибка парсинга сайта: https://dombulgakova.ru/?method=ical&id=10014
2023-03-02 19:15:34,415 WARN searchengine.parsing.ParseUrl [ForkJoinPool-1-worker-3] Ошибка парсинга сайта: https://dombulgakova.ru/?method=ical&id=9432
2023-03-02 19:15:38,190 INFO searchengine.settings.Statistic [http-nio-8080-exec-4] Получение статистики.
2023-03-02 19:15:39,787 INFO searchengine.settings.Statistic [http-nio-8080-exec-3] Получение статистики.
2023-03-02 19:15:41,665 INFO searchengine.settings.Statistic [http-nio-8080-exec-9] Получение статистики.
2023-03-02 19:15:43,204 INFO searchengine.settings.Statistic [http-nio-8080-exec-3] Получение статистики.
2023-03-02 19:15:44,379 INFO searchengine.settings.Statistic [http-nio-8080-exec-7] Получение статистики.
2023-03-02 19:16:33,208 INFO searchengine.settings.Statistic [http-nio-8080-exec-8] Получение статистики.
2023-03-02 19:18:08,589 INFO searchengine.settings.Statistic [http-nio-8080-exec-4] Получение статистики.
2023-03-02 19:18:11,635 INFO searchengine.settings.Statistic [http-nio-8080-exec-2] Получение статистики.
2023-03-02 19:20:14,746 INFO searchengine.settings.Statistic [http-nio-8080-exec-1] Получение статистики.
2023-03-02 19:23:59,780 INFO searchengine.settings.Statistic [http-nio-8080-exec-6] Получение статистики.
2023-03-02 19:24:34,706 INFO searchengine.settings.Statistic [http-nio-8080-exec-4] Получение статистики.
2023-03-02 19:24:36,462 INFO searchengine.settings.Statistic [http-nio-8080-exec-2] Получение статистики.
2023-03-02 19:24:40,292 INFO searchengine.settings.Statistic [http-nio-8080-exec-10] Получение статистики.
2023-03-02 19:26:32,127 INFO searchengine.settings.Statistic [http-nio-8080-exec-9] Получение статистики.
2023-03-02 19:26:37,858 INFO org.springframework.orm.jpa.AbstractEntityManagerFactoryBean [SpringApplicationShutdownHook] Closing JPA EntityManagerFactory for persistence unit 'default'
2023-03-02 19:26:37,862 INFO com.zaxxer.hikari.HikariDataSource [SpringApplicationShutdownHook] HikariPool-1 - Shutdown initiated...
2023-03-02 19:26:37,867 INFO com.zaxxer.hikari.HikariDataSource [SpringApplicationShutdownHook] HikariPool-1 - Shutdown completed.
